#
# There is insufficient memory for the Java Runtime Environment to continue.
# Native memory allocation (mmap) failed to map 201326592 bytes for G1 virtual space
# Possible reasons:
#   The system is out of physical RAM or swap space
#   The process is running with CompressedOops enabled, and the Java Heap may be blocking the growth of the native heap
# Possible solutions:
#   Reduce memory load on the system
#   Increase physical memory or swap space
#   Check if swap backing store is full
#   Decrease Java heap size (-Xmx/-Xms)
#   Decrease number of Java threads
#   Decrease Java thread stack sizes (-Xss)
#   Set larger code cache with -XX:ReservedCodeCacheSize=
#   JVM is running with Zero Based Compressed Oops mode in which the Java heap is
#     placed in the first 32GB address space. The Java Heap base address is the
#     maximum limit for the native heap growth. Please use -XX:HeapBaseMinAddress
#     to set the Java Heap base and to place the Java Heap above 32GB virtual address.
# This output file may be truncated or incomplete.
#
#  Out of Memory Error (os_windows.cpp:3530), pid=15740, tid=15128
#
# JRE version:  (18.0.1.1+2) (build )
# Java VM: Java HotSpot(TM) 64-Bit Server VM (18.0.1.1+2-6, mixed mode, sharing, tiered, compressed oops, compressed class ptrs, g1 gc, windows-amd64)
# No core dump will be written. Minidumps are not enabled by default on client versions of Windows
#

---------------  S U M M A R Y ------------

Command Line: -Dfile.encoding=UTF-8 -XX:+ShowCodeDetailsInExceptionMessages BuildingFloor.BuildingConst

Host: Intel(R) Core(TM) i5-5200U CPU @ 2.20GHz, 4 cores, 11G,  Windows 10 , 64 bit Build 18362 (10.0.18362.1110)
Time: Mon Aug  1 23:52:13 2022 India Standard Time elapsed time: 0.054683 seconds (0d 0h 0m 0s)

---------------  T H R E A D  ---------------

Current thread (0x0000017738abefe0):  JavaThread "Unknown thread" [_thread_in_vm, id=15128, stack(0x0000004752400000,0x0000004752500000)]

Stack: [0x0000004752400000,0x0000004752500000]
Native frames: (J=compiled Java code, j=interpreted, Vv=VM code, C=native code)
V  [jvm.dll+0x69887a]
V  [jvm.dll+0x7f38bd]
V  [jvm.dll+0x7f51ce]
V  [jvm.dll+0x7f5883]
V  [jvm.dll+0x25ca3f]
V  [jvm.dll+0x6957c9]
V  [jvm.dll+0x68a2fa]
V  [jvm.dll+0x321efb]
V  [jvm.dll+0x3298d6]
V  [jvm.dll+0x37e47e]
V  [jvm.dll+0x37e6af]
V  [jvm.dll+0x2f9c7a]
V  [jvm.dll+0x2facdd]
V  [jvm.dll+0x7c24f0]
V  [jvm.dll+0x38b801]
V  [jvm.dll+0x7a1203]
V  [jvm.dll+0x40d6bf]
V  [jvm.dll+0x40f091]
C  [jli.dll+0x526b]
C  [ucrtbase.dll+0x210b2]
C  [KERNEL32.DLL+0x17c24]
C  [ntdll.dll+0x6d4d1]


---------------  P R O C E S S  ---------------

Threads class SMR info:
_java_thread_list=0x00007ffa42b7d550, length=0, elements={
}

Java Threads: ( => current thread )

Other Threads:
  0x0000017738b1b910 WorkerThread "GC Thread#0" [stack: 0x0000004752500000,0x0000004752600000] [id=21900]
  0x0000017738b29b10 ConcurrentGCThread "G1 Main Marker" [stack: 0x0000004752600000,0x0000004752700000] [id=25452]
  0x0000017738b2a500 WorkerThread "G1 Conc#0" [stack: 0x0000004752700000,0x0000004752800000] [id=8152]

[error occurred during error reporting (printing all threads), id 0xc0000005, EXCEPTION_ACCESS_VIOLATION (0xc0000005) at pc=0x00007ffa423aa217]

VM state: not at safepoint (not fully initialized)

VM Mutex/Monitor currently owned by a thread:  ([mutex/lock_event])
[0x0000017738aba590] Heap_lock - owner thread: 0x0000017738abefe0

Heap address: 0x0000000741400000, size: 3052 MB, Compressed Oops mode: Zero based, Oop shift amount: 3

CDS archive(s) mapped at: [0x0000000000000000-0x0000000000000000-0x0000000000000000), size 0, SharedBaseAddress: 0x0000000800000000, ArchiveRelocationMode: 0.
Narrow klass base: 0x0000000000000000, Narrow klass shift: 0, Narrow klass range: 0x0

GC Precious Log:
 CardTable entry size: 512
 Card Set container configuration: InlinePtr #cards 4 size 8 Array Of Cards #cards 16 size 48 Howl #buckets 8 coarsen threshold 3686 Howl Bitmap #cards 512 size 80 coarsen threshold 460 Card regions per heap region 1 cards per card region 4096

Heap:
 garbage-first heap   total 0K, used 0K [0x0000000741400000, 0x0000000800000000)
  region size 2048K, 0 young (0K), 0 survivors (0K)

[error occurred during error reporting (printing heap information), id 0xc0000005, EXCEPTION_ACCESS_VIOLATION (0xc0000005) at pc=0x00007ffa42790cb9]

GC Heap History (0 events):
No events

Deoptimization events (0 events):
No events

Classes loaded (0 events):
No events

Classes unloaded (0 events):
No events

Classes redefined (0 events):
No events

Internal exceptions (0 events):
No events

VM Operations (0 events):
No events

Events (1 events):
Event: 0.020 Loaded shared library C:\Program Files\Java\jdk-18.0.1.1\bin\java.dll


Dynamic libraries:
0x00007ff6eb470000 - 0x00007ff6eb480000 	C:\Program Files\Java\jdk-18.0.1.1\bin\javaw.exe
0x00007ffabd0c0000 - 0x00007ffabd2b0000 	C:\WINDOWS\SYSTEM32\ntdll.dll
0x00007ffabba30000 - 0x00007ffabbae2000 	C:\WINDOWS\System32\KERNEL32.DLL
0x00007ffaba320000 - 0x00007ffaba5c5000 	C:\WINDOWS\System32\KERNELBASE.dll
0x00007ffaba090000 - 0x00007ffaba18a000 	C:\WINDOWS\System32\ucrtbase.dll
0x00007ffa98610000 - 0x00007ffa98628000 	C:\Program Files\Java\jdk-18.0.1.1\bin\jli.dll
0x00007ffabc660000 - 0x00007ffabc703000 	C:\WINDOWS\System32\ADVAPI32.dll
0x00007ffabcfe0000 - 0x00007ffabd07e000 	C:\WINDOWS\System32\msvcrt.dll
0x00007ffabbbe0000 - 0x00007ffabbc77000 	C:\WINDOWS\System32\sechost.dll
0x00007ffabcb80000 - 0x00007ffabcca0000 	C:\WINDOWS\System32\RPCRT4.dll
0x00007ffabc360000 - 0x00007ffabc4f4000 	C:\WINDOWS\System32\USER32.dll
0x00007ffaba190000 - 0x00007ffaba1b1000 	C:\WINDOWS\System32\win32u.dll
0x00007ffabb310000 - 0x00007ffabb336000 	C:\WINDOWS\System32\GDI32.dll
0x00007ffaba5d0000 - 0x00007ffaba766000 	C:\WINDOWS\System32\gdi32full.dll
0x00007ffabb0d0000 - 0x00007ffabb16e000 	C:\WINDOWS\System32\msvcp_win.dll
0x00007ffaa4870000 - 0x00007ffaa488a000 	C:\Program Files\Java\jdk-18.0.1.1\bin\VCRUNTIME140.dll
0x00007ffaace50000 - 0x00007ffaad0d4000 	C:\WINDOWS\WinSxS\amd64_microsoft.windows.common-controls_6595b64144ccf1df_6.0.18362.1256_none_9e7e379be45e40e2\COMCTL32.dll
0x00007ffabcca0000 - 0x00007ffabcfd6000 	C:\WINDOWS\System32\combase.dll
0x00007ffaba290000 - 0x00007ffaba311000 	C:\WINDOWS\System32\bcryptPrimitives.dll
0x00007ffab0420000 - 0x00007ffab042a000 	C:\WINDOWS\SYSTEM32\VERSION.dll
0x00007ffabbee0000 - 0x00007ffabbf0e000 	C:\WINDOWS\System32\IMM32.DLL
0x00007ffaaaa90000 - 0x00007ffaaaa9c000 	C:\Program Files\Java\jdk-18.0.1.1\bin\vcruntime140_1.dll
0x00007ffa91540000 - 0x00007ffa915cd000 	C:\Program Files\Java\jdk-18.0.1.1\bin\msvcp140.dll
0x00007ffa420a0000 - 0x00007ffa42cb0000 	C:\Program Files\Java\jdk-18.0.1.1\bin\server\jvm.dll
0x00007ffabbec0000 - 0x00007ffabbec8000 	C:\WINDOWS\System32\PSAPI.DLL
0x00007ffaa2740000 - 0x00007ffaa2749000 	C:\WINDOWS\SYSTEM32\WSOCK32.dll
0x00007ffabbf10000 - 0x00007ffabbf7f000 	C:\WINDOWS\System32\WS2_32.dll
0x00007ffab6a80000 - 0x00007ffab6aa4000 	C:\WINDOWS\SYSTEM32\WINMM.dll
0x00007ffab6a50000 - 0x00007ffab6a7d000 	C:\WINDOWS\SYSTEM32\winmmbase.dll
0x00007ffaba8f0000 - 0x00007ffaba93a000 	C:\WINDOWS\System32\cfgmgr32.dll
0x00007ffab9f90000 - 0x00007ffab9fa1000 	C:\WINDOWS\System32\kernel.appcore.dll
0x00007ffaa1ba0000 - 0x00007ffaa1baa000 	C:\Program Files\Java\jdk-18.0.1.1\bin\jimage.dll
0x00007ffaa6160000 - 0x00007ffaa6354000 	C:\WINDOWS\SYSTEM32\DBGHELP.DLL
0x00007ffaa60e0000 - 0x00007ffaa610a000 	C:\WINDOWS\SYSTEM32\dbgcore.DLL
0x00007ffa985e0000 - 0x00007ffa98605000 	C:\Program Files\Java\jdk-18.0.1.1\bin\java.dll

dbghelp: loaded successfully - version: 4.0.5 - missing functions: none
symbol engine: initialized successfully - sym options: 0x614 - pdb path: .;C:\Program Files\Java\jdk-18.0.1.1\bin;C:\WINDOWS\SYSTEM32;C:\WINDOWS\WinSxS\amd64_microsoft.windows.common-controls_6595b64144ccf1df_6.0.18362.1256_none_9e7e379be45e40e2;C:\Program Files\Java\jdk-18.0.1.1\bin\server

VM Arguments:
jvm_args: -Dfile.encoding=UTF-8 -XX:+ShowCodeDetailsInExceptionMessages 
java_command: BuildingFloor.BuildingConst
java_class_path (initial): C:\Users\Guest 1\eclipse-workspace\LAB2Assignments\bin
Launcher Type: SUN_STANDARD

[Global flags]
     intx CICompilerCount                          = 3                                         {product} {ergonomic}
     uint ConcGCThreads                            = 1                                         {product} {ergonomic}
     uint G1ConcRefinementThreads                  = 4                                         {product} {ergonomic}
   size_t G1HeapRegionSize                         = 2097152                                   {product} {ergonomic}
    uintx GCDrainStackTargetSize                   = 64                                        {product} {ergonomic}
   size_t InitialHeapSize                          = 201326592                                 {product} {ergonomic}
   size_t MarkStackSize                            = 4194304                                   {product} {ergonomic}
   size_t MaxHeapSize                              = 3200253952                                {product} {ergonomic}
   size_t MinHeapDeltaBytes                        = 2097152                                   {product} {ergonomic}
   size_t MinHeapSize                              = 8388608                                   {product} {ergonomic}
    uintx NonNMethodCodeHeapSize                   = 5832780                                {pd product} {ergonomic}
    uintx NonProfiledCodeHeapSize                  = 122912730                              {pd product} {ergonomic}
    uintx ProfiledCodeHeapSize                     = 122912730                              {pd product} {ergonomic}
    uintx ReservedCodeCacheSize                    = 251658240                              {pd product} {ergonomic}
     bool SegmentedCodeCache                       = true                                      {product} {ergonomic}
     bool ShowCodeDetailsInExceptionMessages       = true                                   {manageable} {command line}
   size_t SoftMaxHeapSize                          = 3200253952                             {manageable} {ergonomic}
     bool UseCompressedClassPointers               = true                           {product lp64_product} {ergonomic}
     bool UseCompressedOops                        = true                           {product lp64_product} {ergonomic}
     bool UseG1GC                                  = true                                      {product} {ergonomic}
     bool UseLargePagesIndividualAllocation        = false                                  {pd product} {ergonomic}

Logging:
Log output configuration:
 #0: stdout all=warning uptime,level,tags foldmultilines=false
 #1: stderr all=off uptime,level,tags foldmultilines=false

Environment Variables:
JAVA_HOME=C:\Program Files\Java\jdk-18.0.1.1
PATH=C:\Program Files\Common Files\Oracle\Java\javapath;C:\Windows\system32;C:\Windows;C:\Windows\System32\Wbem;C:\Windows\System32\WindowsPowerShell\v1.0\;C:\Windows\System32\OpenSSH\;C:\Program Files (x86)\NVIDIA Corporation\PhysX\Common;C:\Program Files (x86)\Common Files\lenovo\easyplussdk\bin;C:\WINDOWS\system32;C:\WINDOWS;C:\WINDOWS\System32\Wbem;C:\WINDOWS\System32\WindowsPowerShell\v1.0\;C:\WINDOWS\System32\OpenSSH\;C:\Program Files\nodejs\;C:\Program Files\Java\jdk-18.0.1.1\bin;C:\Users\Guest 1\AppData\Local\Microsoft\WindowsApps;;C:\Users\Guest 1\AppData\Local\Programs\Microsoft VS Code\bin;C:\Users\Guest 1\AppData\Roaming\npm
USERNAME=Guest 1
OS=Windows_NT
PROCESSOR_IDENTIFIER=Intel64 Family 6 Model 61 Stepping 4, GenuineIntel



---------------  S Y S T E M  ---------------

OS:
 Windows 10 , 64 bit Build 18362 (10.0.18362.1110)
OS uptime: 16 days 11:05 hours

CPU: total 4 (initial active 4) (2 cores per cpu, 2 threads per core) family 6 model 61 stepping 4 microcode 0x2f, cx8, cmov, fxsr, ht, mmx, 3dnowpref, sse, sse2, sse3, ssse3, sse4.1, sse4.2, popcnt, lzcnt, tsc, tscinvbit, avx, avx2, aes, erms, clmul, bmi1, bmi2, adx, fma, vzeroupper, clflush

Memory: 4k page, system-wide physical 12207M (2235M free)
TotalPageFile size 20399M (AvailPageFile size 13M)
current process WorkingSet (physical memory assigned to process): 10M, peak: 10M
current process commit charge ("private bytes"): 52M, peak: 243M

vm_info: Java HotSpot(TM) 64-Bit Server VM (18.0.1.1+2-6) for windows-amd64 JRE (18.0.1.1+2-6), built on Apr 25 2022 21:53:15 by "mach5one" with MS VC++ 16.8 / 16.9 (VS2019)

END.
